PHP Warning:  Undefined array key "PATH_INFO" in /nfs/homes/rlarabi/Desktop/webserv/myWebsite/home/display_name.php on line 10
PHP Warning:  Array to string conversion in /nfs/homes/rlarabi/Desktop/webserv/myWebsite/home/display_name.php on line 37
--------------------------
PHP Warning:  Undefined array key "PATH_INFO" in /nfs/homes/rlarabi/Desktop/webserv/myWebsite/home/display_name.php on line 10
PHP Warning:  Array to string conversion in /nfs/homes/rlarabi/Desktop/webserv/myWebsite/home/display_name.php on line 37
--------------------------
PHP Warning:  Undefined array key "PATH_INFO" in /nfs/homes/rlarabi/Desktop/webserv/myWebsite/home/display_name.php on line 10
PHP Warning:  Array to string conversion in /nfs/homes/rlarabi/Desktop/webserv/myWebsite/home/display_name.php on line 37
--------------------------
PHP Warning:  Undefined array key "PATH_INFO" in /nfs/homes/rlarabi/Desktop/webserv/myWebsite/home/display_name.php on line 10
PHP Warning:  Array to string conversion in /nfs/homes/rlarabi/Desktop/webserv/myWebsite/home/display_name.php on line 37
--------------------------
PHP Warning:  Undefined array key "PATH_INFO" in /nfs/homes/rlarabi/Desktop/webserv/myWebsite/home/display_name.php on line 10
PHP Warning:  Array to string conversion in /nfs/homes/rlarabi/Desktop/webserv/myWebsite/home/display_name.php on line 37
--------------------------
PHP Warning:  Undefined array key "PATH_INFO" in /nfs/homes/rlarabi/Desktop/webserv/myWebsite/home/display_name.php on line 10
PHP Warning:  Array to string conversion in /nfs/homes/rlarabi/Desktop/webserv/myWebsite/home/display_name.php on line 37
--------------------------
PHP Warning:  Undefined array key "PATH_INFO" in /nfs/homes/rlarabi/Desktop/webserv/myWebsite/home/display_name.php on line 10
PHP Warning:  Array to string conversion in /nfs/homes/rlarabi/Desktop/webserv/myWebsite/home/display_name.php on line 37
--------------------------
PHP Warning:  Undefined array key "PATH_INFO" in /nfs/homes/rlarabi/Desktop/webserv/myWebsite/home/display_name.php on line 10
PHP Warning:  Array to string conversion in /nfs/homes/rlarabi/Desktop/webserv/myWebsite/home/display_name.php on line 37
--------------------------
PHP Warning:  Undefined array key "name" in /nfs/homes/rlarabi/Desktop/webserv/myWebsite/search/display_contact.php on line 15
PHP Warning:  Undefined array key "email" in /nfs/homes/rlarabi/Desktop/webserv/myWebsite/search/display_contact.php on line 16
PHP Warning:  Undefined array key "message" in /nfs/homes/rlarabi/Desktop/webserv/myWebsite/search/display_contact.php on line 17
--------------------------
PHP Warning:  Undefined array key "name" in /nfs/homes/rlarabi/Desktop/webserv/myWebsite/search/display_contact.php on line 15
PHP Warning:  Undefined array key "email" in /nfs/homes/rlarabi/Desktop/webserv/myWebsite/search/display_contact.php on line 16
PHP Warning:  Undefined array key "message" in /nfs/homes/rlarabi/Desktop/webserv/myWebsite/search/display_contact.php on line 17
--------------------------
PHP Warning:  Undefined array key "name" in /nfs/homes/rlarabi/Desktop/webserv/myWebsite/search/display_contact.php on line 15
PHP Warning:  Undefined array key "email" in /nfs/homes/rlarabi/Desktop/webserv/myWebsite/search/display_contact.php on line 16
PHP Warning:  Undefined array key "message" in /nfs/homes/rlarabi/Desktop/webserv/myWebsite/search/display_contact.php on line 17
--------------------------
PHP Warning:  Array to string conversion in /nfs/homes/rlarabi/Desktop/webserv/myWebsite/search/display_contact.php on line 13
PHP Warning:  Undefined array key "name" in /nfs/homes/rlarabi/Desktop/webserv/myWebsite/search/display_contact.php on line 16
PHP Warning:  Undefined array key "email" in /nfs/homes/rlarabi/Desktop/webserv/myWebsite/search/display_contact.php on line 17
PHP Warning:  Undefined array key "message" in /nfs/homes/rlarabi/Desktop/webserv/myWebsite/search/display_contact.php on line 18
--------------------------
PHP Warning:  Array to string conversion in /nfs/homes/rlarabi/Desktop/webserv/myWebsite/search/display_contact.php on line 13
PHP Warning:  Undefined array key "name" in /nfs/homes/rlarabi/Desktop/webserv/myWebsite/search/display_contact.php on line 16
PHP Warning:  Undefined array key "email" in /nfs/homes/rlarabi/Desktop/webserv/myWebsite/search/display_contact.php on line 17
PHP Warning:  Undefined array key "message" in /nfs/homes/rlarabi/Desktop/webserv/myWebsite/search/display_contact.php on line 18
--------------------------
PHP Warning:  Array to string conversion in /nfs/homes/rlarabi/Desktop/webserv/myWebsite/search/display_contact.php on line 13
PHP Warning:  Undefined array key "name" in /nfs/homes/rlarabi/Desktop/webserv/myWebsite/search/display_contact.php on line 16
PHP Warning:  Undefined array key "email" in /nfs/homes/rlarabi/Desktop/webserv/myWebsite/search/display_contact.php on line 17
PHP Warning:  Undefined array key "message" in /nfs/homes/rlarabi/Desktop/webserv/myWebsite/search/display_contact.php on line 18
--------------------------
PHP Warning:  Undefined array key "PATH_INFO" in /nfs/homes/rlarabi/Desktop/webserv/myWebsite/home/display_name.php on line 10
PHP Warning:  Array to string conversion in /nfs/homes/rlarabi/Desktop/webserv/myWebsite/home/display_name.php on line 37
--------------------------
PHP Warning:  Undefined array key "PATH_INFO" in /nfs/homes/rlarabi/Desktop/webserv/myWebsite/home/display_name.php on line 10
PHP Warning:  Array to string conversion in /nfs/homes/rlarabi/Desktop/webserv/myWebsite/home/display_name.php on line 37
--------------------------
PHP Warning:  Undefined array key "PATH_INFO" in /nfs/homes/rlarabi/Desktop/webserv/myWebsite/home/display_name.php on line 10
PHP Warning:  Array to string conversion in /nfs/homes/rlarabi/Desktop/webserv/myWebsite/home/display_name.php on line 37
--------------------------
PHP Warning:  Array to string conversion in /nfs/homes/rlarabi/Desktop/webserv/myWebsite/search/display_contact.php on line 13
PHP Warning:  Undefined array key "name" in /nfs/homes/rlarabi/Desktop/webserv/myWebsite/search/display_contact.php on line 16
PHP Warning:  Undefined array key "email" in /nfs/homes/rlarabi/Desktop/webserv/myWebsite/search/display_contact.php on line 17
PHP Warning:  Undefined array key "message" in /nfs/homes/rlarabi/Desktop/webserv/myWebsite/search/display_contact.php on line 18
--------------------------
PHP Warning:  Array to string conversion in /nfs/homes/rlarabi/Desktop/webserv/myWebsite/search/display_contact.php on line 13
PHP Warning:  Undefined array key "name" in /nfs/homes/rlarabi/Desktop/webserv/myWebsite/search/display_contact.php on line 16
PHP Warning:  Undefined array key "email" in /nfs/homes/rlarabi/Desktop/webserv/myWebsite/search/display_contact.php on line 17
PHP Warning:  Undefined array key "message" in /nfs/homes/rlarabi/Desktop/webserv/myWebsite/search/display_contact.php on line 18
--------------------------
PHP Warning:  Array to string conversion in /nfs/homes/rlarabi/Desktop/webserv/myWebsite/search/display_contact.php on line 13
PHP Warning:  Undefined array key "name" in /nfs/homes/rlarabi/Desktop/webserv/myWebsite/search/display_contact.php on line 16
PHP Warning:  Undefined array key "email" in /nfs/homes/rlarabi/Desktop/webserv/myWebsite/search/display_contact.php on line 17
PHP Warning:  Undefined array key "message" in /nfs/homes/rlarabi/Desktop/webserv/myWebsite/search/display_contact.php on line 18
--------------------------
PHP Warning:  Array to string conversion in /nfs/homes/rlarabi/Desktop/webserv/myWebsite/search/display_contact.php on line 13
PHP Warning:  Undefined array key "name" in /nfs/homes/rlarabi/Desktop/webserv/myWebsite/search/display_contact.php on line 16
PHP Warning:  Undefined array key "email" in /nfs/homes/rlarabi/Desktop/webserv/myWebsite/search/display_contact.php on line 17
PHP Warning:  Undefined array key "message" in /nfs/homes/rlarabi/Desktop/webserv/myWebsite/search/display_contact.php on line 18
--------------------------
PHP Warning:  Array to string conversion in /nfs/homes/rlarabi/Desktop/webserv/myWebsite/search/display_contact.php on line 13
PHP Warning:  Undefined array key "name" in /nfs/homes/rlarabi/Desktop/webserv/myWebsite/search/display_contact.php on line 16
PHP Warning:  Undefined array key "email" in /nfs/homes/rlarabi/Desktop/webserv/myWebsite/search/display_contact.php on line 17
PHP Warning:  Undefined array key "message" in /nfs/homes/rlarabi/Desktop/webserv/myWebsite/search/display_contact.php on line 18
--------------------------
PHP Warning:  Array to string conversion in /nfs/homes/rlarabi/Desktop/webserv/myWebsite/search/display_contact.php on line 13
PHP Warning:  Undefined array key "name" in /nfs/homes/rlarabi/Desktop/webserv/myWebsite/search/display_contact.php on line 16
PHP Warning:  Undefined array key "email" in /nfs/homes/rlarabi/Desktop/webserv/myWebsite/search/display_contact.php on line 17
PHP Warning:  Undefined array key "message" in /nfs/homes/rlarabi/Desktop/webserv/myWebsite/search/display_contact.php on line 18
--------------------------
PHP Warning:  Array to string conversion in /nfs/homes/rlarabi/Desktop/webserv/myWebsite/search/display_contact.php on line 13
PHP Warning:  Undefined array key "name" in /nfs/homes/rlarabi/Desktop/webserv/myWebsite/search/display_contact.php on line 16
PHP Warning:  Undefined array key "email" in /nfs/homes/rlarabi/Desktop/webserv/myWebsite/search/display_contact.php on line 17
PHP Warning:  Undefined array key "message" in /nfs/homes/rlarabi/Desktop/webserv/myWebsite/search/display_contact.php on line 18
--------------------------
PHP Warning:  Array to string conversion in /nfs/homes/rlarabi/Desktop/webserv/myWebsite/search/display_contact.php on line 13
PHP Warning:  Undefined array key "name" in /nfs/homes/rlarabi/Desktop/webserv/myWebsite/search/display_contact.php on line 16
PHP Warning:  Undefined array key "email" in /nfs/homes/rlarabi/Desktop/webserv/myWebsite/search/display_contact.php on line 17
PHP Warning:  Undefined array key "message" in /nfs/homes/rlarabi/Desktop/webserv/myWebsite/search/display_contact.php on line 18
--------------------------
--------------------------
--------------------------
--------------------------
--------------------------
--------------------------
--------------------------
PHP Warning:  Undefined array key "PATH_INFO" in /nfs/homes/rlarabi/Desktop/webserv/myWebsite/search/display_contact.php on line 10
PHP Warning:  Array to string conversion in /nfs/homes/rlarabi/Desktop/webserv/myWebsite/search/display_contact.php on line 37
--------------------------
--------------------------
execve: No such file or directory
--------------------------
execve: No such file or directory
--------------------------
execve: No such file or directory
--------------------------
execve: No such file or directory
--------------------------
execve: No such file or directory
--------------------------
execve: No such file or directory
--------------------------
PHP Warning:  Undefined array key "PATH_INFO" in /nfs/homes/rlarabi/Desktop/webserv/myWebsite/home/display_name.php on line 10
PHP Warning:  Array to string conversion in /nfs/homes/rlarabi/Desktop/webserv/myWebsite/home/display_name.php on line 37
--------------------------
PHP Warning:  Undefined array key "PATH_INFO" in /nfs/homes/rlarabi/Desktop/webserv/myWebsite/home/display_name.php on line 10
PHP Warning:  Array to string conversion in /nfs/homes/rlarabi/Desktop/webserv/myWebsite/home/display_name.php on line 37
--------------------------
PHP Warning:  Undefined array key "PATH_INFO" in /nfs/homes/rlarabi/Desktop/webserv/myWebsite/home/display_name.php on line 10
PHP Warning:  Array to string conversion in /nfs/homes/rlarabi/Desktop/webserv/myWebsite/home/display_name.php on line 37
--------------------------
PHP Warning:  Undefined array key "PATH_INFO" in /nfs/homes/rlarabi/Desktop/webserv/myWebsite/home/display_name.php on line 10
PHP Warning:  Array to string conversion in /nfs/homes/rlarabi/Desktop/webserv/myWebsite/home/display_name.php on line 37
--------------------------
PHP Warning:  Undefined array key "PATH_INFO" in /nfs/homes/rlarabi/Desktop/webserv/myWebsite/home/display_name.php on line 10
PHP Warning:  Array to string conversion in /nfs/homes/rlarabi/Desktop/webserv/myWebsite/home/display_name.php on line 37
--------------------------
PHP Warning:  Undefined array key "PATH_INFO" in /nfs/homes/rlarabi/Desktop/webserv/myWebsite/home/display_name.php on line 10
PHP Warning:  Array to string conversion in /nfs/homes/rlarabi/Desktop/webserv/myWebsite/home/display_name.php on line 37
--------------------------
PHP Warning:  Undefined array key "PATH_INFO" in /nfs/homes/rlarabi/Desktop/webserv/myWebsite/home/display_name.php on line 10
PHP Warning:  Array to string conversion in /nfs/homes/rlarabi/Desktop/webserv/myWebsite/home/display_name.php on line 37
--------------------------
PHP Warning:  Undefined array key "PATH_INFO" in /nfs/homes/rlarabi/Desktop/webserv/myWebsite/home/display_name.php on line 10
PHP Warning:  Array to string conversion in /nfs/homes/rlarabi/Desktop/webserv/myWebsite/home/display_name.php on line 37
--------------------------
PHP Warning:  Undefined array key "PATH_INFO" in /nfs/homes/rlarabi/Desktop/webserv/myWebsite/home/display_name.php on line 10
PHP Warning:  Array to string conversion in /nfs/homes/rlarabi/Desktop/webserv/myWebsite/home/display_name.php on line 37
--------------------------
PHP Warning:  Undefined array key "PATH_INFO" in /nfs/homes/rlarabi/Desktop/webserv/myWebsite/home/display_name.php on line 10
PHP Warning:  Array to string conversion in /nfs/homes/rlarabi/Desktop/webserv/myWebsite/home/display_name.php on line 37
--------------------------
PHP Warning:  Undefined array key "PATH_INFO" in /nfs/homes/rlarabi/Desktop/webserv/myWebsite/home/display_name.php on line 10
PHP Warning:  Array to string conversion in /nfs/homes/rlarabi/Desktop/webserv/myWebsite/home/display_name.php on line 37
--------------------------
PHP Warning:  Undefined array key "PATH_INFO" in /nfs/homes/rlarabi/Desktop/webserv/myWebsite/home/display_name.php on line 10
PHP Warning:  Array to string conversion in /nfs/homes/rlarabi/Desktop/webserv/myWebsite/home/display_name.php on line 37
--------------------------
--------------------------
--------------------------
--------------------------
--------------------------
--------------------------
--------------------------
--------------------------
--------------------------
--------------------------
--------------------------
--------------------------
--------------------------
--------------------------
--------------------------
--------------------------
--------------------------
--------------------------
--------------------------
--------------------------
--------------------------
--------------------------
--------------------------
--------------------------
PHP Warning:  Undefined array key "name" in /nfs/homes/rlarabi/Desktop/webserv/myWebsite/search/display_contact.php on line 16
PHP Warning:  Undefined array key "time" in /nfs/homes/rlarabi/Desktop/webserv/myWebsite/search/display_contact.php on line 17
--------------------------
PHP Warning:  Undefined array key "name" in /nfs/homes/rlarabi/Desktop/webserv/myWebsite/search/display_contact.php on line 16
PHP Warning:  Undefined array key "time" in /nfs/homes/rlarabi/Desktop/webserv/myWebsite/search/display_contact.php on line 17
--------------------------
--------------------------
--------------------------
--------------------------
--------------------------
--------------------------
PHP Warning:  Undefined array key "PATH_INFO" in /nfs/homes/rlarabi/Desktop/webserv/myWebsite/home/display_name.php on line 10
PHP Warning:  Array to string conversion in /nfs/homes/rlarabi/Desktop/webserv/myWebsite/home/display_name.php on line 37
--------------------------
--------------------------
--------------------------
--------------------------
--------------------------
--------------------------
--------------------------
--------------------------
--------------------------
--------------------------
--------------------------
--------------------------
--------------------------
--------------------------
--------------------------
--------------------------
--------------------------
--------------------------
--------------------------
--------------------------
--------------------------
--------------------------
--------------------------
--------------------------
--------------------------
--------------------------
--------------------------
--------------------------
--------------------------
--------------------------
--------------------------
--------------------------
--------------------------
--------------------------
--------------------------
--------------------------
--------------------------
--------------------------
--------------------------
--------------------------
--------------------------
--------------------------
--------------------------
--------------------------
--------------------------
--------------------------
--------------------------
--------------------------
--------------------------
--------------------------
--------------------------
--------------------------
--------------------------
--------------------------
--------------------------
--------------------------
--------------------------
--------------------------
--------------------------
--------------------------
--------------------------
--------------------------
--------------------------
--------------------------
--------------------------
--------------------------
--------------------------
--------------------------
--------------------------
--------------------------
--------------------------
--------------------------
--------------------------
--------------------------
--------------------------
--------------------------
--------------------------
--------------------------
--------------------------
--------------------------
--------------------------
--------------------------
--------------------------
--------------------------
--------------------------
--------------------------
--------------------------
--------------------------
--------------------------
--------------------------
--------------------------
--------------------------
--------------------------
--------------------------
--------------------------
--------------------------
--------------------------
--------------------------
--------------------------
--------------------------
--------------------------
--------------------------
--------------------------
--------------------------
--------------------------
--------------------------
--------------------------
--------------------------
--------------------------
--------------------------
--------------------------
--------------------------
--------------------------
--------------------------
--------------------------
--------------------------
--------------------------
--------------------------
--------------------------
--------------------------
--------------------------
--------------------------
--------------------------
--------------------------
--------------------------
--------------------------
--------------------------
--------------------------
--------------------------
--------------------------
--------------------------
--------------------------
--------------------------
--------------------------
--------------------------
--------------------------
--------------------------
--------------------------
--------------------------
--------------------------
--------------------------
--------------------------
--------------------------
--------------------------
--------------------------
--------------------------
--------------------------
--------------------------
--------------------------
--------------------------
--------------------------
--------------------------
--------------------------
--------------------------
--------------------------
--------------------------
--------------------------
--------------------------
--------------------------
--------------------------
--------------------------
--------------------------
--------------------------
--------------------------
--------------------------
--------------------------
--------------------------
--------------------------
--------------------------
--------------------------
--------------------------
--------------------------
--------------------------
--------------------------
--------------------------
--------------------------
--------------------------
--------------------------
--------------------------
--------------------------
--------------------------
--------------------------
--------------------------
--------------------------
--------------------------
--------------------------
--------------------------
--------------------------
--------------------------
--------------------------
--------------------------
--------------------------
--------------------------
--------------------------
--------------------------
--------------------------
--------------------------
--------------------------
--------------------------
--------------------------
--------------------------
--------------------------
--------------------------
--------------------------
--------------------------
--------------------------
--------------------------
--------------------------
--------------------------
--------------------------
--------------------------
--------------------------
--------------------------
--------------------------
--------------------------
--------------------------
--------------------------
--------------------------
--------------------------
--------------------------
--------------------------
--------------------------
--------------------------
--------------------------
--------------------------
--------------------------
--------------------------
--------------------------
--------------------------
--------------------------
--------------------------
--------------------------
--------------------------
--------------------------
--------------------------
--------------------------
--------------------------
--------------------------
--------------------------
--------------------------
--------------------------
--------------------------
--------------------------
--------------------------
--------------------------
--------------------------
--------------------------
--------------------------
--------------------------
--------------------------
PHP Warning:  Cannot modify header information - headers already sent by (output started at /nfs/homes/rlarabi/Desktop/webserv/myWebsite/cookie/phpCookie.php:1) in /nfs/homes/rlarabi/Desktop/webserv/myWebsite/cookie/phpCookie.php on line 17
--------------------------
PHP Warning:  Cannot modify header information - headers already sent by (output started at /nfs/homes/rlarabi/Desktop/webserv/myWebsite/cookie/phpCookie.php:1) in /nfs/homes/rlarabi/Desktop/webserv/myWebsite/cookie/phpCookie.php on line 17
--------------------------
PHP Warning:  Cannot modify header information - headers already sent by (output started at /nfs/homes/rlarabi/Desktop/webserv/myWebsite/cookie/phpCookie.php:1) in /nfs/homes/rlarabi/Desktop/webserv/myWebsite/cookie/phpCookie.php on line 17
--------------------------
PHP Warning:  Cannot modify header information - headers already sent by (output started at /nfs/homes/rlarabi/Desktop/webserv/myWebsite/cookie/phpCookie.php:1) in /nfs/homes/rlarabi/Desktop/webserv/myWebsite/cookie/phpCookie.php on line 17
--------------------------
PHP Warning:  Cannot modify header information - headers already sent by (output started at /nfs/homes/rlarabi/Desktop/webserv/myWebsite/cookie/phpCookie.php:1) in /nfs/homes/rlarabi/Desktop/webserv/myWebsite/cookie/phpCookie.php on line 17
--------------------------
PHP Warning:  Cannot modify header information - headers already sent by (output started at /nfs/homes/rlarabi/Desktop/webserv/myWebsite/cookie/phpCookie.php:1) in /nfs/homes/rlarabi/Desktop/webserv/myWebsite/cookie/phpCookie.php on line 17
--------------------------
PHP Warning:  Cannot modify header information - headers already sent by (output started at /nfs/homes/rlarabi/Desktop/webserv/myWebsite/cookie/phpCookie.php:1) in /nfs/homes/rlarabi/Desktop/webserv/myWebsite/cookie/phpCookie.php on line 17
--------------------------
PHP Warning:  Cannot modify header information - headers already sent by (output started at /nfs/homes/rlarabi/Desktop/webserv/myWebsite/cookie/phpCookie.php:1) in /nfs/homes/rlarabi/Desktop/webserv/myWebsite/cookie/phpCookie.php on line 17
--------------------------
PHP Warning:  Cannot modify header information - headers already sent by (output started at /nfs/homes/rlarabi/Desktop/webserv/myWebsite/cookie/phpCookie.php:1) in /nfs/homes/rlarabi/Desktop/webserv/myWebsite/cookie/phpCookie.php on line 17
--------------------------
PHP Warning:  Cannot modify header information - headers already sent by (output started at /nfs/homes/rlarabi/Desktop/webserv/myWebsite/cookie/phpCookie.php:1) in /nfs/homes/rlarabi/Desktop/webserv/myWebsite/cookie/phpCookie.php on line 17
--------------------------
--------------------------
--------------------------
--------------------------
--------------------------
--------------------------
--------------------------
--------------------------
--------------------------
--------------------------
--------------------------
--------------------------
--------------------------
--------------------------
--------------------------
--------------------------
--------------------------
--------------------------
--------------------------
--------------------------
--------------------------
--------------------------
--------------------------
--------------------------
--------------------------
--------------------------
--------------------------
--------------------------
--------------------------
--------------------------
--------------------------
--------------------------
--------------------------
--------------------------
--------------------------
--------------------------
--------------------------
--------------------------
--------------------------
--------------------------
--------------------------
--------------------------
--------------------------
--------------------------
--------------------------
--------------------------
--------------------------
--------------------------
--------------------------
--------------------------
--------------------------
--------------------------
--------------------------
--------------------------
--------------------------
--------------------------
--------------------------
--------------------------
--------------------------
--------------------------
--------------------------
--------------------------
--------------------------
--------------------------
--------------------------
--------------------------
--------------------------
--------------------------
--------------------------
--------------------------
--------------------------
--------------------------
--------------------------
--------------------------
--------------------------
--------------------------
--------------------------
--------------------------
--------------------------
--------------------------
--------------------------
--------------------------
--------------------------
--------------------------
--------------------------
--------------------------
--------------------------
--------------------------
--------------------------
--------------------------
--------------------------
--------------------------
--------------------------
--------------------------
--------------------------
--------------------------
--------------------------
--------------------------
--------------------------
--------------------------
--------------------------
--------------------------
--------------------------
--------------------------
--------------------------
--------------------------
--------------------------
--------------------------
--------------------------
--------------------------
--------------------------
--------------------------
--------------------------
--------------------------
--------------------------
--------------------------
--------------------------
--------------------------
--------------------------
--------------------------
--------------------------
--------------------------
--------------------------
--------------------------
--------------------------
--------------------------
--------------------------
--------------------------
--------------------------
--------------------------
--------------------------
--------------------------
--------------------------
--------------------------
--------------------------
--------------------------
--------------------------
--------------------------
--------------------------
--------------------------
--------------------------
--------------------------
--------------------------
